<?xml version="1.0" encoding="utf-8"?>
<TEI version="3.1.0" xmlns="http://www.tei-c.org/ns/1.0" xmlns:xsi="http://www.w3.org/2001/XMLSchema-instance" >
</TEI>
