<!DOCTYPE article PUBLIC "my doctype of doom" "mydoctype.dtd">
<data>
    Parthénogénese du poulpe en milieu sub-aquatique
</data>
